<?xml version="1.0" encoding="UTF-8"?>
<!-- Generated by org.testng.reporters.JUnitXMLReporter -->
<testsuite ignored="0" hostname="LAPTOP-2Q1SJRBK" failures="0" tests="4" name="Test" time="54.097" errors="0" timestamp="2022-10-09T19:16:46 IST">
  <testcase classname="com.SauceDemo.TestClass.TC01_TestClassLoginFunctionality" name="verifyLoginFunctionality" time="0.029"/>
  <testcase classname="com.SauceDemo.TestClass.TC02_TestClass_LogOutFunctionality" name="verifyLOgOutFunctionality" time="0.59"/>
  <testcase classname="com.SauceDemo.TestClass.TC03_TestClass_BagProductFunctionality" name="verifyBagProductFunctionality" time="0.465"/>
  <testcase classname="com.SauceDemo.TestClass.TC04_VerifyAllProductFunctionality" name="verifyAllProductFunctionality" time="1.02"/>
</testsuite> <!-- Test -->
