<?xml version="1.0" encoding="UTF-8"?>
<testng-results ignored="0" total="4" passed="4" failed="0" skipped="0">
  <reporter-output>
  </reporter-output>
  <suite started-at="2022-10-09T19:15:52 IST" name="Suite" finished-at="2022-10-09T19:16:46 IST" duration-ms="54097">
    <groups>
    </groups>
    <test started-at="2022-10-09T19:15:52 IST" name="Test" finished-at="2022-10-09T19:16:46 IST" duration-ms="54097">
      <class name="com.SauceDemo.TestClass.TC01_TestClassLoginFunctionality">
        <test-method is-config="true" signature="setup(java.lang.String)[pri:0, instance:com.SauceDemo.TestClass.TC01_TestClassLoginFunctionality@2805d709]" started-at="2022-10-09T19:15:52 IST" name="setup" finished-at="2022-10-09T19:16:08 IST" duration-ms="15994" status="PASS">
          <params>
            <param index="0">
              <value>
                <![CDATA[chrome]]>
              </value>
            </param>
          </params>
          <reporter-output>
          </reporter-output>
        </test-method> <!-- setup -->
        <test-method signature="verifyLoginFunctionality()[pri:0, instance:com.SauceDemo.TestClass.TC01_TestClassLoginFunctionality@2805d709]" started-at="2022-10-09T19:16:08 IST" name="verifyLoginFunctionality" finished-at="2022-10-09T19:16:08 IST" duration-ms="29" status="PASS">
          <reporter-output>
          </reporter-output>
        </test-method> <!-- verifyLoginFunctionality -->
        <test-method is-config="true" signature="tearDown()[pri:0, instance:com.SauceDemo.TestClass.TC01_TestClassLoginFunctionality@2805d709]" started-at="2022-10-09T19:16:08 IST" name="tearDown" finished-at="2022-10-09T19:16:09 IST" duration-ms="1194" status="PASS">
          <reporter-output>
          </reporter-output>
        </test-method> <!-- tearDown -->
      </class> <!-- com.SauceDemo.TestClass.TC01_TestClassLoginFunctionality -->
      <class name="com.SauceDemo.TestClass.TC03_TestClass_BagProductFunctionality">
        <test-method is-config="true" signature="setup(java.lang.String)[pri:0, instance:com.SauceDemo.TestClass.TC03_TestClass_BagProductFunctionality@72e5a8e]" started-at="2022-10-09T19:16:21 IST" name="setup" finished-at="2022-10-09T19:16:33 IST" duration-ms="12496" status="PASS">
          <params>
            <param index="0">
              <value>
                <![CDATA[chrome]]>
              </value>
            </param>
          </params>
          <reporter-output>
          </reporter-output>
        </test-method> <!-- setup -->
        <test-method signature="verifyBagProductFunctionality()[pri:0, instance:com.SauceDemo.TestClass.TC03_TestClass_BagProductFunctionality@72e5a8e]" started-at="2022-10-09T19:16:33 IST" name="verifyBagProductFunctionality" finished-at="2022-10-09T19:16:34 IST" duration-ms="465" status="PASS">
          <reporter-output>
          </reporter-output>
        </test-method> <!-- verifyBagProductFunctionality -->
        <test-method is-config="true" signature="tearDown()[pri:0, instance:com.SauceDemo.TestClass.TC03_TestClass_BagProductFunctionality@72e5a8e]" started-at="2022-10-09T19:16:34 IST" name="tearDown" finished-at="2022-10-09T19:16:34 IST" duration-ms="259" status="PASS">
          <reporter-output>
          </reporter-output>
        </test-method> <!-- tearDown -->
      </class> <!-- com.SauceDemo.TestClass.TC03_TestClass_BagProductFunctionality -->
      <class name="com.SauceDemo.TestClass.TC04_VerifyAllProductFunctionality">
        <test-method is-config="true" signature="setup(java.lang.String)[pri:0, instance:com.SauceDemo.TestClass.TC04_VerifyAllProductFunctionality@54e1c68b]" started-at="2022-10-09T19:16:34 IST" name="setup" finished-at="2022-10-09T19:16:45 IST" duration-ms="10971" status="PASS">
          <params>
            <param index="0">
              <value>
                <![CDATA[chrome]]>
              </value>
            </param>
          </params>
          <reporter-output>
          </reporter-output>
        </test-method> <!-- setup -->
        <test-method signature="verifyAllProductFunctionality()[pri:0, instance:com.SauceDemo.TestClass.TC04_VerifyAllProductFunctionality@54e1c68b]" started-at="2022-10-09T19:16:45 IST" name="verifyAllProductFunctionality" finished-at="2022-10-09T19:16:46 IST" duration-ms="1020" status="PASS">
          <reporter-output>
          </reporter-output>
        </test-method> <!-- verifyAllProductFunctionality -->
        <test-method is-config="true" signature="tearDown()[pri:0, instance:com.SauceDemo.TestClass.TC04_VerifyAllProductFunctionality@54e1c68b]" started-at="2022-10-09T19:16:46 IST" name="tearDown" finished-at="2022-10-09T19:16:46 IST" duration-ms="313" status="PASS">
          <reporter-output>
          </reporter-output>
        </test-method> <!-- tearDown -->
      </class> <!-- com.SauceDemo.TestClass.TC04_VerifyAllProductFunctionality -->
      <class name="com.SauceDemo.TestClass.TC02_TestClass_LogOutFunctionality">
        <test-method is-config="true" signature="setup(java.lang.String)[pri:0, instance:com.SauceDemo.TestClass.TC02_TestClass_LogOutFunctionality@7d4f9aae]" started-at="2022-10-09T19:16:09 IST" name="setup" finished-at="2022-10-09T19:16:20 IST" duration-ms="10251" status="PASS">
          <params>
            <param index="0">
              <value>
                <![CDATA[chrome]]>
              </value>
            </param>
          </params>
          <reporter-output>
          </reporter-output>
        </test-method> <!-- setup -->
        <test-method signature="verifyLOgOutFunctionality()[pri:0, instance:com.SauceDemo.TestClass.TC02_TestClass_LogOutFunctionality@7d4f9aae]" started-at="2022-10-09T19:16:20 IST" name="verifyLOgOutFunctionality" finished-at="2022-10-09T19:16:20 IST" duration-ms="590" status="PASS">
          <reporter-output>
          </reporter-output>
        </test-method> <!-- verifyLOgOutFunctionality -->
        <test-method is-config="true" signature="tearDown()[pri:0, instance:com.SauceDemo.TestClass.TC02_TestClass_LogOutFunctionality@7d4f9aae]" started-at="2022-10-09T19:16:20 IST" name="tearDown" finished-at="2022-10-09T19:16:21 IST" duration-ms="382" status="PASS">
          <reporter-output>
          </reporter-output>
        </test-method> <!-- tearDown -->
      </class> <!-- com.SauceDemo.TestClass.TC02_TestClass_LogOutFunctionality -->
    </test> <!-- Test -->
  </suite> <!-- Suite -->
</testng-results>
